<?xml version="1.0" encoding="UTF-8"?>
<!-- Generated by org.testng.reporters.JUnitReportReporter -->
<testsuite hostname="MEGHA-PC" name="com.Demo.RahulTest1" tests="1" failures="0" timestamp="18 May 2020 13:08:20 GMT" time="10.186" errors="0">
  <testcase name="TC" time="10.186" classname="com.Demo.RahulTest1"/>
</testsuite> <!-- com.Demo.RahulTest1 -->
