<?xml version="1.0" encoding="UTF-8"?>
<!-- Generated by org.testng.reporters.JUnitReportReporter -->
<testsuite hostname="MEGHA-PC" name="com.ExtentReports.extentReport" tests="1" failures="0" timestamp="19 May 2020 14:46:36 GMT" time="18.570" errors="0">
  <testcase name="extentReportsDemo" time="18.570" classname="com.ExtentReports.extentReport"/>
</testsuite> <!-- com.ExtentReports.extentReport -->
