<?xml version="1.0" encoding="UTF-8"?>
<!-- Generated by org.testng.reporters.JUnitReportReporter -->
<testsuite hostname="MEGHA-PC" name="com.Demo.LoginTest" tests="2" failures="0" timestamp="17 May 2020 16:39:47 GMT" time="51.652" errors="0">
  <testcase name="getTagName" time="42.425" classname="com.Demo.LoginTest"/>
  <testcase name="freeCrmTitleTest" time="9.227" classname="com.Demo.LoginTest"/>
</testsuite> <!-- com.Demo.LoginTest -->
