<?xml version="1.0" encoding="UTF-8"?>
<!-- Generated by org.testng.reporters.JUnitReportReporter -->
<testsuite hostname="MEGHA-PC" name="com.pratice.log4j.LoginTest" tests="2" failures="0" timestamp="17 May 2020 15:07:01 GMT" time="1.331" errors="0">
  <testcase name="getTagName" time="0.411" classname="com.pratice.log4j.LoginTest"/>
  <testcase name="freeCrmTitleTest" time="0.920" classname="com.pratice.log4j.LoginTest"/>
</testsuite> <!-- com.pratice.log4j.LoginTest -->
