<?xml version="1.0" encoding="UTF-8"?>
<!-- Generated by org.testng.reporters.JUnitReportReporter -->
<testsuite hostname="MEGHA-PC" name="com.Demo.BaseClass" tests="2" failures="0" timestamp="18 May 2020 09:44:15 GMT" time="21.496" errors="0">
  <testcase name="TestGoogleSearch" time="7.524" classname="com.Demo.BaseClass"/>
  <testcase name="TestLuckyTab" time="13.972" classname="com.Demo.BaseClass"/>
</testsuite> <!-- com.Demo.BaseClass -->
