<?xml version="1.0" encoding="UTF-8"?>
<!-- Generated by org.testng.reporters.JUnitReportReporter -->
<testsuite hostname="MEGHA-PC" name="com.Rahul.Scenarios.RahulTest2_Dice" tests="1" failures="0" timestamp="19 May 2020 06:10:57 GMT" time="0.004" errors="0">
  <testcase name="TC2" time="0.004" classname="com.Rahul.Scenarios.RahulTest2_Dice"/>
</testsuite> <!-- com.Rahul.Scenarios.RahulTest2_Dice -->
